{"/Users/homa/kichi-app/block.js": {"path":"/Users/homa/kichi-app/block.js","statementMap":{"0":{"start":{"line":6,"column":8},"end":{"line":6,"column":35}},"1":{"start":{"line":7,"column":8},"end":{"line":7,"column":25}},"2":{"start":{"line":8,"column":8},"end":{"line":8,"column":25}},"3":{"start":{"line":9,"column":8},"end":{"line":9,"column":33}},"4":{"start":{"line":10,"column":8},"end":{"line":10,"column":37}},"5":{"start":{"line":11,"column":8},"end":{"line":11,"column":26}},"6":{"start":{"line":14,"column":21},"end":{"line":14,"column":49}},"7":{"start":{"line":14,"column":27},"end":{"line":14,"column":49}},"8":{"start":{"line":16,"column":23},"end":{"line":37,"column":5}},"9":{"start":{"line":19,"column":47},"end":{"line":19,"column":56}},"10":{"start":{"line":20,"column":20},"end":{"line":20,"column":21}},"11":{"start":{"line":21,"column":33},"end":{"line":21,"column":55}},"12":{"start":{"line":23,"column":8},"end":{"line":27,"column":68}},"13":{"start":{"line":24,"column":12},"end":{"line":24,"column":21}},"14":{"start":{"line":25,"column":12},"end":{"line":25,"column":35}},"15":{"start":{"line":26,"column":12},"end":{"line":26,"column":76}},"16":{"start":{"line":29,"column":8},"end":{"line":36,"column":11}}},"fnMap":{"0":{"name":"(anonymous_0)","decl":{"start":{"line":5,"column":4},"end":{"line":5,"column":5}},"loc":{"start":{"line":5,"column":70},"end":{"line":12,"column":5}},"line":5},"1":{"name":"(anonymous_1)","decl":{"start":{"line":14,"column":21},"end":{"line":14,"column":22}},"loc":{"start":{"line":14,"column":27},"end":{"line":14,"column":49}},"line":14},"2":{"name":"(anonymous_2)","decl":{"start":{"line":16,"column":23},"end":{"line":16,"column":24}},"loc":{"start":{"line":16,"column":46},"end":{"line":37,"column":5}},"line":16}},"branchMap":{},"s":{"0":47,"1":47,"2":47,"3":47,"4":47,"5":47,"6":2,"7":29,"8":2,"9":17,"10":17,"11":17,"12":17,"13":71493,"14":71493,"15":71493,"16":17},"f":{"0":47,"1":29,"2":17},"b":{},"_coverageSchema":"1a1c01bbd47fc00a2c39e90264f33305004495a9","hash":"cdac84b1eadc8b2d7cdf25360c9648651f085b56"}
,"/Users/homa/kichi-app/blockchain.js": {"path":"/Users/homa/kichi-app/blockchain.js","statementMap":{"0":{"start":{"line":7,"column":8},"end":{"line":7,"column":39}},"1":{"start":{"line":10,"column":15},"end":{"line":16,"column":5}},"2":{"start":{"line":11,"column":22},"end":{"line":14,"column":10}},"3":{"start":{"line":15,"column":8},"end":{"line":15,"column":31}},"4":{"start":{"line":18,"column":19},"end":{"line":24,"column":5}},"5":{"start":{"line":19,"column":8},"end":{"line":19,"column":56}},"6":{"start":{"line":19,"column":49},"end":{"line":19,"column":56}},"7":{"start":{"line":21,"column":8},"end":{"line":23,"column":9}},"8":{"start":{"line":22,"column":12},"end":{"line":22,"column":34}},"9":{"start":{"line":26,"column":26},"end":{"line":38,"column":5}},"10":{"start":{"line":27,"column":8},"end":{"line":27,"column":61}},"11":{"start":{"line":27,"column":48},"end":{"line":27,"column":61}},"12":{"start":{"line":29,"column":8},"end":{"line":36,"column":9}},"13":{"start":{"line":29,"column":20},"end":{"line":29,"column":21}},"14":{"start":{"line":29,"column":29},"end":{"line":29,"column":41}},"15":{"start":{"line":30,"column":26},"end":{"line":30,"column":34}},"16":{"start":{"line":31,"column":35},"end":{"line":31,"column":51}},"17":{"start":{"line":32,"column":73},"end":{"line":32,"column":78}},"18":{"start":{"line":34,"column":12},"end":{"line":34,"column":57}},"19":{"start":{"line":34,"column":44},"end":{"line":34,"column":57}},"20":{"start":{"line":35,"column":12},"end":{"line":35,"column":95}},"21":{"start":{"line":35,"column":82},"end":{"line":35,"column":95}},"22":{"start":{"line":37,"column":8},"end":{"line":37,"column":20}}},"fnMap":{"0":{"name":"(anonymous_0)","decl":{"start":{"line":6,"column":4},"end":{"line":6,"column":5}},"loc":{"start":{"line":6,"column":18},"end":{"line":8,"column":5}},"line":6},"1":{"name":"(anonymous_1)","decl":{"start":{"line":10,"column":15},"end":{"line":10,"column":16}},"loc":{"start":{"line":10,"column":27},"end":{"line":16,"column":5}},"line":10},"2":{"name":"(anonymous_2)","decl":{"start":{"line":18,"column":19},"end":{"line":18,"column":20}},"loc":{"start":{"line":18,"column":33},"end":{"line":24,"column":5}},"line":18},"3":{"name":"(anonymous_3)","decl":{"start":{"line":26,"column":26},"end":{"line":26,"column":27}},"loc":{"start":{"line":26,"column":37},"end":{"line":38,"column":5}},"line":26}},"branchMap":{"0":{"loc":{"start":{"line":19,"column":8},"end":{"line":19,"column":56}},"type":"if","locations":[{"start":{"line":19,"column":8},"end":{"line":19,"column":56}},{"start":{},"end":{}}],"line":19},"1":{"loc":{"start":{"line":21,"column":8},"end":{"line":23,"column":9}},"type":"if","locations":[{"start":{"line":21,"column":8},"end":{"line":23,"column":9}},{"start":{},"end":{}}],"line":21},"2":{"loc":{"start":{"line":27,"column":8},"end":{"line":27,"column":61}},"type":"if","locations":[{"start":{"line":27,"column":8},"end":{"line":27,"column":61}},{"start":{},"end":{}}],"line":27},"3":{"loc":{"start":{"line":34,"column":12},"end":{"line":34,"column":57}},"type":"if","locations":[{"start":{"line":34,"column":12},"end":{"line":34,"column":57}},{"start":{},"end":{}}],"line":34},"4":{"loc":{"start":{"line":35,"column":12},"end":{"line":35,"column":95}},"type":"if","locations":[{"start":{"line":35,"column":12},"end":{"line":35,"column":95}},{"start":{},"end":{}}],"line":35}},"s":{"0":20,"1":20,"2":16,"3":16,"4":20,"5":3,"6":1,"7":2,"8":1,"9":1,"10":6,"11":1,"12":5,"13":5,"14":5,"15":12,"16":12,"17":12,"18":12,"19":1,"20":11,"21":2,"22":2},"f":{"0":20,"1":16,"2":3,"3":6},"b":{"0":[1,2],"1":[1,1],"2":[1,5],"3":[1,11],"4":[2,9]},"_coverageSchema":"1a1c01bbd47fc00a2c39e90264f33305004495a9","hash":"1faa46529403fb1b5415cc37f78d564b451de1a6"}
,"/Users/homa/kichi-app/config.js": {"path":"/Users/homa/kichi-app/config.js","statementMap":{"0":{"start":{"line":1,"column":27},"end":{"line":1,"column":28}},"1":{"start":{"line":3,"column":21},"end":{"line":10,"column":1}}},"fnMap":{},"branchMap":{},"s":{"0":2,"1":2},"f":{},"b":{},"_coverageSchema":"1a1c01bbd47fc00a2c39e90264f33305004495a9","hash":"70da7cae00f4bf16550c31e7e082ec0e876eec9f"}
,"/Users/homa/kichi-app/crypto-hash.js": {"path":"/Users/homa/kichi-app/crypto-hash.js","statementMap":{"0":{"start":{"line":4,"column":17},"end":{"line":4,"column":44}},"1":{"start":{"line":5,"column":4},"end":{"line":5,"column":41}},"2":{"start":{"line":6,"column":4},"end":{"line":6,"column":30}}},"fnMap":{"0":{"name":"cryptoHash","decl":{"start":{"line":3,"column":9},"end":{"line":3,"column":19}},"loc":{"start":{"line":3,"column":32},"end":{"line":7,"column":1}},"line":3}},"branchMap":{},"s":{"0":71508,"1":71508,"2":71508},"f":{"0":71508},"b":{},"_coverageSchema":"1a1c01bbd47fc00a2c39e90264f33305004495a9","hash":"5e51208d7a8c6f90b3b5ee889c050092e85b4038"}
}
