{"/Users/homa/kichi-app/block.js": {"path":"/Users/homa/kichi-app/block.js","statementMap":{"0":{"start":{"line":6,"column":8},"end":{"line":6,"column":35}},"1":{"start":{"line":7,"column":8},"end":{"line":7,"column":25}},"2":{"start":{"line":8,"column":8},"end":{"line":8,"column":25}},"3":{"start":{"line":9,"column":8},"end":{"line":9,"column":33}},"4":{"start":{"line":12,"column":21},"end":{"line":12,"column":49}},"5":{"start":{"line":12,"column":27},"end":{"line":12,"column":49}},"6":{"start":{"line":14,"column":23},"end":{"line":24,"column":5}},"7":{"start":{"line":15,"column":26},"end":{"line":15,"column":36}},"8":{"start":{"line":16,"column":26},"end":{"line":16,"column":40}},"9":{"start":{"line":18,"column":8},"end":{"line":23,"column":11}}},"fnMap":{"0":{"name":"(anonymous_0)","decl":{"start":{"line":5,"column":4},"end":{"line":5,"column":5}},"loc":{"start":{"line":5,"column":51},"end":{"line":10,"column":5}},"line":5},"1":{"name":"(anonymous_1)","decl":{"start":{"line":12,"column":21},"end":{"line":12,"column":22}},"loc":{"start":{"line":12,"column":27},"end":{"line":12,"column":49}},"line":12},"2":{"name":"(anonymous_2)","decl":{"start":{"line":14,"column":23},"end":{"line":14,"column":24}},"loc":{"start":{"line":14,"column":46},"end":{"line":24,"column":5}},"line":14}},"branchMap":{},"s":{"0":43,"1":43,"2":43,"3":43,"4":1,"5":27,"6":1,"7":16,"8":16,"9":16},"f":{"0":43,"1":27,"2":16},"b":{},"_coverageSchema":"1a1c01bbd47fc00a2c39e90264f33305004495a9","hash":"fa26beb9693b8cd961f2955839fa2ee266c21649"}
,"/Users/homa/kichi-app/blockchain.js": {"path":"/Users/homa/kichi-app/blockchain.js","statementMap":{"0":{"start":{"line":7,"column":8},"end":{"line":7,"column":39}},"1":{"start":{"line":10,"column":15},"end":{"line":16,"column":5}},"2":{"start":{"line":11,"column":22},"end":{"line":14,"column":10}},"3":{"start":{"line":15,"column":8},"end":{"line":15,"column":31}},"4":{"start":{"line":18,"column":19},"end":{"line":24,"column":5}},"5":{"start":{"line":19,"column":8},"end":{"line":19,"column":56}},"6":{"start":{"line":19,"column":49},"end":{"line":19,"column":56}},"7":{"start":{"line":21,"column":8},"end":{"line":23,"column":9}},"8":{"start":{"line":22,"column":12},"end":{"line":22,"column":34}},"9":{"start":{"line":26,"column":26},"end":{"line":38,"column":5}},"10":{"start":{"line":27,"column":8},"end":{"line":27,"column":61}},"11":{"start":{"line":27,"column":48},"end":{"line":27,"column":61}},"12":{"start":{"line":29,"column":8},"end":{"line":36,"column":9}},"13":{"start":{"line":29,"column":20},"end":{"line":29,"column":21}},"14":{"start":{"line":29,"column":29},"end":{"line":29,"column":41}},"15":{"start":{"line":30,"column":26},"end":{"line":30,"column":34}},"16":{"start":{"line":31,"column":35},"end":{"line":31,"column":51}},"17":{"start":{"line":32,"column":54},"end":{"line":32,"column":59}},"18":{"start":{"line":34,"column":12},"end":{"line":34,"column":57}},"19":{"start":{"line":34,"column":44},"end":{"line":34,"column":57}},"20":{"start":{"line":35,"column":12},"end":{"line":35,"column":76}},"21":{"start":{"line":35,"column":63},"end":{"line":35,"column":76}},"22":{"start":{"line":37,"column":8},"end":{"line":37,"column":20}}},"fnMap":{"0":{"name":"(anonymous_0)","decl":{"start":{"line":6,"column":4},"end":{"line":6,"column":5}},"loc":{"start":{"line":6,"column":18},"end":{"line":8,"column":5}},"line":6},"1":{"name":"(anonymous_1)","decl":{"start":{"line":10,"column":15},"end":{"line":10,"column":16}},"loc":{"start":{"line":10,"column":27},"end":{"line":16,"column":5}},"line":10},"2":{"name":"(anonymous_2)","decl":{"start":{"line":18,"column":19},"end":{"line":18,"column":20}},"loc":{"start":{"line":18,"column":33},"end":{"line":24,"column":5}},"line":18},"3":{"name":"(anonymous_3)","decl":{"start":{"line":26,"column":26},"end":{"line":26,"column":27}},"loc":{"start":{"line":26,"column":37},"end":{"line":38,"column":5}},"line":26}},"branchMap":{"0":{"loc":{"start":{"line":19,"column":8},"end":{"line":19,"column":56}},"type":"if","locations":[{"start":{"line":19,"column":8},"end":{"line":19,"column":56}},{"start":{},"end":{}}],"line":19},"1":{"loc":{"start":{"line":21,"column":8},"end":{"line":23,"column":9}},"type":"if","locations":[{"start":{"line":21,"column":8},"end":{"line":23,"column":9}},{"start":{},"end":{}}],"line":21},"2":{"loc":{"start":{"line":27,"column":8},"end":{"line":27,"column":61}},"type":"if","locations":[{"start":{"line":27,"column":8},"end":{"line":27,"column":61}},{"start":{},"end":{}}],"line":27},"3":{"loc":{"start":{"line":34,"column":12},"end":{"line":34,"column":57}},"type":"if","locations":[{"start":{"line":34,"column":12},"end":{"line":34,"column":57}},{"start":{},"end":{}}],"line":34},"4":{"loc":{"start":{"line":35,"column":12},"end":{"line":35,"column":76}},"type":"if","locations":[{"start":{"line":35,"column":12},"end":{"line":35,"column":76}},{"start":{},"end":{}}],"line":35}},"s":{"0":20,"1":20,"2":16,"3":16,"4":20,"5":3,"6":1,"7":2,"8":1,"9":1,"10":6,"11":1,"12":5,"13":5,"14":5,"15":12,"16":12,"17":12,"18":12,"19":1,"20":11,"21":2,"22":2},"f":{"0":20,"1":16,"2":3,"3":6},"b":{"0":[1,2],"1":[1,1],"2":[1,5],"3":[1,11],"4":[2,9]},"_coverageSchema":"1a1c01bbd47fc00a2c39e90264f33305004495a9","hash":"1ee0c4035a7f14a38b26483e407b6ea3248c10ed"}
,"/Users/homa/kichi-app/config.js": {"path":"/Users/homa/kichi-app/config.js","statementMap":{"0":{"start":{"line":1,"column":21},"end":{"line":6,"column":1}}},"fnMap":{},"branchMap":{},"s":{"0":1},"f":{},"b":{},"_coverageSchema":"1a1c01bbd47fc00a2c39e90264f33305004495a9","hash":"4b8945e2361cfb56231cbcfa76abfb65c6f590a1"}
,"/Users/homa/kichi-app/crypto-hash.js": {"path":"/Users/homa/kichi-app/crypto-hash.js","statementMap":{"0":{"start":{"line":4,"column":17},"end":{"line":4,"column":44}},"1":{"start":{"line":5,"column":4},"end":{"line":5,"column":41}},"2":{"start":{"line":6,"column":4},"end":{"line":6,"column":30}}},"fnMap":{"0":{"name":"cryptoHash","decl":{"start":{"line":3,"column":9},"end":{"line":3,"column":19}},"loc":{"start":{"line":3,"column":32},"end":{"line":7,"column":1}},"line":3}},"branchMap":{},"s":{"0":27,"1":27,"2":27},"f":{"0":27},"b":{},"_coverageSchema":"1a1c01bbd47fc00a2c39e90264f33305004495a9","hash":"5e51208d7a8c6f90b3b5ee889c050092e85b4038"}
}
