TN:
SF:block.js
FN:6,(anonymous_0)
FN:15,(anonymous_1)
FN:17,(anonymous_2)
FN:39,(anonymous_3)
FNF:4
FNH:4
FNDA:41,(anonymous_0)
FNDA:26,(anonymous_1)
FNDA:14,(anonymous_2)
FNDA:111,(anonymous_3)
DA:7,41
DA:8,41
DA:9,41
DA:10,41
DA:11,41
DA:12,41
DA:15,26
DA:17,2
DA:18,14
DA:19,14
DA:21,14
DA:22,109
DA:23,109
DA:25,109
DA:26,109
DA:29,14
DA:39,2
DA:40,111
DA:41,111
LF:19
LH:19
BRDA:41,0,0,11
BRDA:41,0,1,100
BRF:2
BRH:2
end_of_record
TN:
SF:blockchain.js
FN:6,(anonymous_0)
FN:10,(anonymous_1)
FN:18,(anonymous_2)
FN:29,(anonymous_3)
FNF:4
FNH:4
FNDA:18,(anonymous_0)
FNDA:13,(anonymous_1)
FNDA:2,(anonymous_2)
FNDA:5,(anonymous_3)
DA:7,18
DA:10,18
DA:11,13
DA:15,13
DA:18,18
DA:19,2
DA:21,1
DA:22,1
DA:23,1
DA:25,0
DA:29,1
DA:30,5
DA:32,4
DA:33,10
DA:34,10
DA:35,10
DA:36,10
DA:37,10
DA:39,9
DA:40,8
DA:42,2
LF:21
LH:20
BRDA:19,0,0,1
BRDA:19,0,1,1
BRDA:21,1,0,1
BRDA:21,1,1,0
BRDA:30,2,0,1
BRDA:30,2,1,4
BRDA:37,3,0,1
BRDA:37,3,1,9
BRDA:39,4,0,1
BRDA:39,4,1,8
BRF:10
BRH:9
end_of_record
TN:
SF:config.js
FNF:0
FNH:0
DA:1,2
DA:4,2
DA:6,2
LF:3
LH:3
BRF:0
BRH:0
end_of_record
TN:
SF:crypto-hash.js
FN:3,cryptoHash
FNF:1
FNH:1
FNDA:122,cryptoHash
DA:4,122
DA:5,122
DA:6,122
LF:3
LH:3
BRF:0
BRH:0
end_of_record
