TN:
SF:block.js
FN:5,(anonymous_0)
FN:14,(anonymous_1)
FN:16,(anonymous_2)
FNF:3
FNH:3
FNDA:47,(anonymous_0)
FNDA:29,(anonymous_1)
FNDA:17,(anonymous_2)
DA:6,47
DA:7,47
DA:8,47
DA:9,47
DA:10,47
DA:11,47
DA:14,29
DA:16,2
DA:19,17
DA:20,17
DA:21,17
DA:23,17
DA:24,71493
DA:25,71493
DA:26,71493
DA:29,17
LF:16
LH:16
BRF:0
BRH:0
end_of_record
TN:
SF:blockchain.js
FN:6,(anonymous_0)
FN:10,(anonymous_1)
FN:18,(anonymous_2)
FN:26,(anonymous_3)
FNF:4
FNH:4
FNDA:20,(anonymous_0)
FNDA:16,(anonymous_1)
FNDA:3,(anonymous_2)
FNDA:6,(anonymous_3)
DA:7,20
DA:10,20
DA:11,16
DA:15,16
DA:18,20
DA:19,3
DA:21,2
DA:22,1
DA:26,1
DA:27,6
DA:29,5
DA:30,12
DA:31,12
DA:32,12
DA:34,12
DA:35,11
DA:37,2
LF:17
LH:17
BRDA:19,0,0,1
BRDA:19,0,1,2
BRDA:21,1,0,1
BRDA:21,1,1,1
BRDA:27,2,0,1
BRDA:27,2,1,5
BRDA:34,3,0,1
BRDA:34,3,1,11
BRDA:35,4,0,2
BRDA:35,4,1,9
BRF:10
BRH:10
end_of_record
TN:
SF:config.js
FNF:0
FNH:0
DA:1,2
DA:3,2
LF:2
LH:2
BRF:0
BRH:0
end_of_record
TN:
SF:crypto-hash.js
FN:3,cryptoHash
FNF:1
FNH:1
FNDA:71508,cryptoHash
DA:4,71508
DA:5,71508
DA:6,71508
LF:3
LH:3
BRF:0
BRH:0
end_of_record
